{
  "0 debug pnpm:scope": {
    "selected": 1
  },
  "1 info pnpm": {
    "err": {
      "name": "Error",
      "message": "not found: auto-install-peers",
      "code": "ENOENT",
      "stack": "Error: not found: auto-install-peers\n    at getNotFoundError (C:\\Users\\bruno\\AppData\\Roaming\\npm\\node_modules\\pnpm\\dist\\pnpm.cjs:41688:51)\n    at Function.whichSync [as sync] (C:\\Users\\bruno\\AppData\\Roaming\\npm\\node_modules\\pnpm\\dist\\pnpm.cjs:41765:13)\n    at getCommandAbsolutePathSync (C:\\Users\\bruno\\AppData\\Roaming\\npm\\node_modules\\pnpm\\dist\\pnpm.cjs:43330:44)\n    at default_1 (C:\\Users\\bruno\\AppData\\Roaming\\npm\\node_modules\\pnpm\\dist\\pnpm.cjs:43339:32)\n    at C:\\Users\\bruno\\AppData\\Roaming\\npm\\node_modules\\pnpm\\dist\\pnpm.cjs:172190:39"
    }
  },
  "2 error pnpm": {
    "code": "ERR_PNPM_RECURSIVE_EXEC_FIRST_FAIL",
    "prefix": "C:\\Users\\bruno\\Documents\\Programming\\projetos-github\\Hiring Coders\\semana3\\graphql\\client-server-example",
    "err": {
      "name": "pnpm",
      "message": "not found: auto-install-peers",
      "code": "ERR_PNPM_RECURSIVE_EXEC_FIRST_FAIL",
      "stack": "Error: not found: auto-install-peers\n    at getNotFoundError (C:\\Users\\bruno\\AppData\\Roaming\\npm\\node_modules\\pnpm\\dist\\pnpm.cjs:41688:51)\n    at Function.whichSync [as sync] (C:\\Users\\bruno\\AppData\\Roaming\\npm\\node_modules\\pnpm\\dist\\pnpm.cjs:41765:13)\n    at getCommandAbsolutePathSync (C:\\Users\\bruno\\AppData\\Roaming\\npm\\node_modules\\pnpm\\dist\\pnpm.cjs:43330:44)\n    at default_1 (C:\\Users\\bruno\\AppData\\Roaming\\npm\\node_modules\\pnpm\\dist\\pnpm.cjs:43339:32)\n    at C:\\Users\\bruno\\AppData\\Roaming\\npm\\node_modules\\pnpm\\dist\\pnpm.cjs:172190:39"
    }
  }
}